<?xml version="1.0" encoding="UTF-8"?>
<!-- Generated by org.testng.reporters.JUnitReportReporter -->
<testsuite skipped="0" hostname="THSLT10073" name="Testcases.ViewChecking" tests="1" failures="0" timestamp="2020-09-22T00:10:05 IST" time="43.384" errors="0">
  <testcase name="VieChecking" time="43.384" classname="Testcases.ViewChecking"/>
  <system-out/>
</testsuite> <!-- Testcases.ViewChecking -->
