<?xml version="1.0" encoding="UTF-8"?>
<!-- Generated by org.testng.reporters.JUnitReportReporter -->
<testsuite skipped="0" hostname="THSLT10073" name="Testcases.ViewChecking" tests="1" failures="0" timestamp="2020-09-24T21:30:18 IST" time="46.971" errors="0">
  <testcase name="VieChecking" time="46.971" classname="Testcases.ViewChecking"/>
  <system-out/>
</testsuite> <!-- Testcases.ViewChecking -->
