<?xml version="1.0" encoding="UTF-8"?>
<!-- Generated by org.testng.reporters.JUnitReportReporter -->
<testsuite skipped="0" hostname="THSLT10073" name="Testcases.InterestChecking" tests="1" failures="0" timestamp="2020-09-22T19:18:52 IST" time="48.661" errors="0">
  <testcase name="InterestCheckingCreation" time="48.661" classname="Testcases.InterestChecking"/>
  <system-out/>
</testsuite> <!-- Testcases.InterestChecking -->
