<?xml version="1.0" encoding="UTF-8"?>
<!-- Generated by org.testng.reporters.JUnitReportReporter -->
<testsuite skipped="0" hostname="THSLT10073" name="Testcases.StandaradChecking" tests="1" failures="0" timestamp="2020-09-22T00:15:51 IST" time="34.795" errors="0">
  <testcase name="StandardCheckingCreation" time="34.795" classname="Testcases.StandaradChecking"/>
  <system-out/>
</testsuite> <!-- Testcases.StandaradChecking -->
