<?xml version="1.0" encoding="UTF-8"?>
<!-- Generated by org.testng.reporters.JUnitReportReporter -->
<testsuite skipped="0" hostname="THSLT10073" name="Testcases.Loginpage" tests="1" failures="0" timestamp="2020-09-22T00:10:05 IST" time="34.175" errors="0">
  <testcase name="login" time="34.175" classname="Testcases.Loginpage"/>
  <system-out/>
</testsuite> <!-- Testcases.Loginpage -->
