<?xml version="1.0" encoding="UTF-8"?>
<!-- Generated by org.testng.reporters.JUnitReportReporter -->
<testsuite skipped="0" hostname="THSLT10073" name="Testcases.Loginpage" tests="1" failures="0" timestamp="2020-09-21T22:29:25 IST" time="29.755" errors="0">
  <testcase name="login" time="29.755" classname="Testcases.Loginpage"/>
  <system-out/>
</testsuite> <!-- Testcases.Loginpage -->
