<?xml version="1.0" encoding="UTF-8"?>
<!-- Generated by org.testng.reporters.JUnitReportReporter -->
<testsuite skipped="0" hostname="THSLT10073" name="Testcases.NewSavingsCreation" tests="1" failures="0" timestamp="2020-09-24T23:53:47 IST" time="167.758" errors="0">
  <testcase name="createsavingsacc" time="167.758" classname="Testcases.NewSavingsCreation"/>
  <system-out/>
</testsuite> <!-- Testcases.NewSavingsCreation -->
