<?xml version="1.0" encoding="UTF-8"?>
<!-- Generated by org.testng.reporters.JUnitReportReporter -->
<testsuite skipped="0" hostname="THSLT10073" name="Testcases.SavingsPage" tests="1" failures="0" timestamp="2020-09-24T22:09:12 IST" time="45.156" errors="0">
  <testcase name="viewsavingspage" time="45.156" classname="Testcases.SavingsPage"/>
  <system-out/>
</testsuite> <!-- Testcases.SavingsPage -->
